2024-10-23 01:31:43 commit: <Auto> 上线时间:2024-10-23 01:31:43 -v:1.0.0 -rp:9000 -de:<-e ACTIVE=prod -e SERVER_PORT=9000>

2024-10-23 01:41:43 commit: <Auto> 流水线Bug修复 -v:1.0.0 -rp:9000 -de:<-e ACTIVE=prod -e SERVER_PORT=9000>
2024-10-23 01:58:21 commit: <Auto> 上线时间:2024-10-23 01:58:21 -v:1.0.0 -rp:9000 -de:<-e ACTIVE=prod -e SERVER_PORT=9000>
2024-10-23 01:59:31 commit: <Auto> 上线时间:2024-10-23 01:59:31 -v:1.0.0 -rp:9000 -de:<-e ACTIVE=prod -e SERVER_PORT=9000>
2024-10-23 02:01:37 commit: <Auto> 上线时间:2024-10-23 02:01:37 -v:1.0.0 -rp:9000 -de:<-e ACTIVE=prod -e SERVER_PORT=9000>
2024-10-23 02:07:41 commit: <Auto> 上线时间:2024-10-23 02:07:41 -v:1.0.0 -rp:9000 -de:<-e ACTIVE=prod -e SERVER_PORT=9000>
2024-10-24 00:00:18 commit: <Auto-Frontend> 前端第一次部署
2024-10-24 00:03:55 commit: <Auto-Frontend> 上线时间:2024-10-24 00:03:55
2024-10-24 00:13:04 commit: <Auto-Frontend> 更换node版本
2024-10-24 00:15:48 commit: <Auto-Frontend> 更换构建组件
2024-10-24 00:18:48 commit: <Auto-Frontend> 更换yarn构建
2024-10-24 00:24:03 commit: <Auto-Frontend> 上线时间:2024-10-24 00:24:03
2024-10-24 00:32:49 commit: <Auto-Frontend> 上线时间:2024-10-24 00:32:49
2024-10-24 00:35:37 commit: <Auto-Frontend> 上线时间:2024-10-24 00:35:37
2024-10-24 00:44:05 commit: <Auto-Frontend> 上线时间:2024-10-24 00:44:05
2024-10-24 00:51:21 commit: <Auto-Frontend> 上线时间:2024-10-24 00:51:21
2024-10-24 00:53:22 commit: <Auto-Frontend> 上线时间:2024-10-24 00:53:22
2024-10-24 00:53:38 commit: <Auto-Frontend> 上线时间:2024-10-24 00:53:38
2024-10-24 00:55:18 commit: <Auto-Frontend> 上线时间:2024-10-24 00:55:18
2024-10-24 01:20:48 commit: <Auto-Frontend> 上线时间:2024-10-24 01:20:48
2024-10-24 01:25:53 commit: <Auto-Frontend> 修改nginx配置
2024-10-24 01:33:12 commit: <Auto-Frontend> 上线时间:2024-10-24 01:33:12
2024-10-25 00:02:57 commit: <Auto-Frontend> 配置nginx域名
2024-10-25 00:09:10 commit: <Auto-Frontend> 上线时间:2024-10-25 00:09:10
2024-10-25 00:32:24 commit: <Auto-Frontend> 映射端口更改
2024-10-25 00:37:37 commit: <Auto-Frontend> 上线时间:2024-10-25 00:37:37
2024-10-25 00:45:31 commit: <Auto-Frontend> 上线时间:2024-10-25 00:45:31
2024-10-25 00:48:45 commit: <Auto-Frontend> 上线时间:2024-10-25 00:48:45
2024-10-25 00:53:27 commit: <Auto-Frontend> 上线时间:2024-10-25 00:53:27
2024-10-25 22:58:29 commit: <Auto-Frontend> 上线时间:2024-10-25 22:58:29
2024-10-27 20:23:18 commit: <Auto-Frontend> 上线时间:2024-10-27 20:23:18
2024-10-27 20:51:00 commit: <Auto-Frontend> 上线时间:2024-10-27 20:51:00
2024-10-27 21:51:01 commit: <Auto-Frontend> 前端环境配置
2024-10-27 22:10:15 commit: <Auto-Frontend> y
2024-10-27 22:14:55 commit: <Auto> 上线时间:2024-10-27 22:14:55 -v:1.0.0 -rp:9000 -de:<-e ACTIVE=prod -e SERVER_PORT=9000>
2024-10-27 22:15:08 commit: <Auto-Frontend> 上线时间:2024-10-27 22:15:08
